[debug] [2025-05-05T01:58:49.968Z] ----------------------------------------------------------------------
[debug] [2025-05-05T01:58:49.978Z] Command:       C:\Program Files\nodejs\node.exe C:\Users\Hp\AppData\Roaming\npm\node_modules\firebase-tools\lib\bin\firebase.js projects:create
[debug] [2025-05-05T01:58:49.979Z] CLI Version:   14.2.2
[debug] [2025-05-05T01:58:49.980Z] Platform:      win32
[debug] [2025-05-05T01:58:49.981Z] Node Version:  v23.11.0
[debug] [2025-05-05T01:58:49.983Z] Time:          Mon May 05 2025 02:58:49 GMT+0100 (UTC+01:00)
[debug] [2025-05-05T01:58:49.983Z] ----------------------------------------------------------------------
[debug] 
[debug] [2025-05-05T01:58:49.998Z] > command requires scopes: ["email","openid","https://www.googleapis.com/auth/cloudplatformprojects.readonly","https://www.googleapis.com/auth/firebase","https://www.googleapis.com/auth/cloud-platform"]
[debug] [2025-05-05T01:58:49.999Z] > authorizing via signed-in user (choukrisoufiane21@gmail.com)
[debug] [2025-05-05T01:59:42.893Z] Checked if tokens are valid: true, expires at: 1746413525362
[debug] [2025-05-05T01:59:42.893Z] Checked if tokens are valid: true, expires at: 1746413525362
[debug] [2025-05-05T01:59:42.896Z] >>> [apiv2][query] POST https://cloudresourcemanager.googleapis.com/v1/projects [none]
[debug] [2025-05-05T01:59:42.896Z] >>> [apiv2][body] POST https://cloudresourcemanager.googleapis.com/v1/projects {"projectId":"edd-project","name":"eddd"}
[debug] [2025-05-05T01:59:43.803Z] <<< [apiv2][status] POST https://cloudresourcemanager.googleapis.com/v1/projects 409
[debug] [2025-05-05T01:59:43.803Z] <<< [apiv2][body] POST https://cloudresourcemanager.googleapis.com/v1/projects {"error":{"code":409,"message":"Requested entity already exists","status":"ALREADY_EXISTS"}}
[debug] [2025-05-05T01:59:43.942Z] FirebaseError: Request to https://cloudresourcemanager.googleapis.com/v1/projects had HTTP Error: 409, Requested entity already exists
    at responseToError (C:\Users\Hp\AppData\Roaming\npm\node_modules\firebase-tools\lib\responseToError.js:52:12)
    at RetryOperation._fn (C:\Users\Hp\AppData\Roaming\npm\node_modules\firebase-tools\lib\apiv2.js:312:77)
    at process.processTicksAndRejections (node:internal/process/task_queues:105:5)
[error] 
[error] Error: Failed to create project because there is already a project with ID edd-project. Please try again with a unique project ID.
